<?xml version="1.0" encoding="UTF-8"?>
<testsuite name="com.ringi.boot.web.HelloControllerTest" tests="2" skipped="0" failures="0" errors="0" timestamp="2020-06-25T11:17:07" hostname="HP-Z620" time="0.182">
  <properties/>
  <testcase name="helloTest" classname="com.ringi.boot.web.HelloControllerTest" time="0.09"/>
  <testcase name="helloDtoTest" classname="com.ringi.boot.web.HelloControllerTest" time="0.091"/>
  <system-out><![CDATA[2020-06-25 20:17:06.030  INFO 23672 --- [    Test worker] .b.t.a.w.s.WebMvcTestContextBootstrapper : Neither @ContextConfiguration nor @ContextHierarchy found for test class [com.ringi.boot.web.HelloControllerTest], using SpringBootContextLoader
2020-06-25 20:17:06.031  INFO 23672 --- [    Test worker] o.s.t.c.support.AbstractContextLoader    : Could not detect default resource locations for test class [com.ringi.boot.web.HelloControllerTest]: no resource found for suffixes {-context.xml, Context.groovy}.
2020-06-25 20:17:06.031  INFO 23672 --- [    Test worker] t.c.s.AnnotationConfigContextLoaderUtils : Could not detect default configuration classes for test class [com.ringi.boot.web.HelloControllerTest]: HelloControllerTest does not declare any static, non-private, non-final, nested classes annotated with @Configuration.
2020-06-25 20:17:06.058  INFO 23672 --- [    Test worker] .b.t.c.SpringBootTestContextBootstrapper : Found @SpringBootConfiguration com.ringi.boot.Application for test class com.ringi.boot.web.HelloControllerTest
2020-06-25 20:17:06.058  INFO 23672 --- [    Test worker] .b.t.a.w.s.WebMvcTestContextBootstrapper : Loaded default TestExecutionListener class names from location [META-INF/spring.factories]: [org.springframework.security.test.context.support.WithSecurityContextTestExecutionListener, org.springframework.security.test.context.support.ReactorContextTestExecutionListener, org.springframework.boot.test.autoconfigure.restdocs.RestDocsTestExecutionListener, org.springframework.boot.test.autoconfigure.web.client.MockRestServiceServerResetTestExecutionListener, org.springframework.boot.test.autoconfigure.web.servlet.MockMvcPrintOnlyOnFailureTestExecutionListener, org.springframework.boot.test.autoconfigure.web.servlet.WebDriverTestExecutionListener, org.springframework.boot.test.mock.mockito.MockitoTestExecutionListener, org.springframework.boot.test.mock.mockito.ResetMocksTestExecutionListener, org.springframework.test.context.web.ServletTestExecutionListener, org.springframework.test.context.support.DirtiesContextBeforeModesTestExecutionListener, org.springframework.test.context.support.DependencyInjectionTestExecutionListener, org.springframework.test.context.support.DirtiesContextTestExecutionListener, org.springframework.test.context.transaction.TransactionalTestExecutionListener, org.springframework.test.context.jdbc.SqlScriptsTestExecutionListener]
2020-06-25 20:17:06.060  INFO 23672 --- [    Test worker] .b.t.a.w.s.WebMvcTestContextBootstrapper : Using TestExecutionListeners: [org.springframework.test.context.web.ServletTestExecutionListener@2e8b3d50, org.springframework.test.context.support.DirtiesContextBeforeModesTestExecutionListener@7cbaae3d, org.springframework.boot.test.mock.mockito.MockitoTestExecutionListener@4caed6ad, org.springframework.boot.test.autoconfigure.SpringBootDependencyInjectionTestExecutionListener@28d2828e, org.springframework.test.context.support.DirtiesContextTestExecutionListener@5fc44b79, org.springframework.test.context.transaction.TransactionalTestExecutionListener@76a6ddfa, org.springframework.test.context.jdbc.SqlScriptsTestExecutionListener@4c87763d, org.springframework.security.test.context.support.WithSecurityContextTestExecutionListener@707d4bd1, org.springframework.security.test.context.support.ReactorContextTestExecutionListener@d1f5924, org.springframework.boot.test.autoconfigure.restdocs.RestDocsTestExecutionListener@4d160c70, org.springframework.boot.test.autoconfigure.web.client.MockRestServiceServerResetTestExecutionListener@3a57bd71, org.springframework.boot.test.autoconfigure.web.servlet.MockMvcPrintOnlyOnFailureTestExecutionListener@20ee4a29, org.springframework.boot.test.autoconfigure.web.servlet.WebDriverTestExecutionListener@574fe169, org.springframework.boot.test.mock.mockito.ResetMocksTestExecutionListener@2a47127c]

  .   ____          _            __ _ _
 /\\ / ___'_ __ _ _(_)_ __  __ _ \ \ \ \
( ( )\___ | '_ | '_| | '_ \/ _` | \ \ \ \
 \\/  ___)| |_)| | | | | || (_| |  ) ) ) )
  '  |____| .__|_| |_|_| |_\__, | / / / /
 =========|_|==============|___/=/_/_/_/
 :: Spring Boot ::        (v2.1.9.RELEASE)

2020-06-25 20:17:06.097  INFO 23672 --- [    Test worker] com.ringi.boot.web.HelloControllerTest   : Starting HelloControllerTest on HP-Z620 with PID 23672 (started by parkbs in F:\99.Temp\Test\SpringBootAWS)
2020-06-25 20:17:06.099  INFO 23672 --- [    Test worker] com.ringi.boot.web.HelloControllerTest   : No active profile set, falling back to default profiles: default
2020-06-25 20:17:06.655  INFO 23672 --- [    Test worker] o.s.s.concurrent.ThreadPoolTaskExecutor  : Initializing ExecutorService 'applicationTaskExecutor'
2020-06-25 20:17:06.692  INFO 23672 --- [    Test worker] o.s.b.a.w.s.WelcomePageHandlerMapping    : Adding welcome page template: index
2020-06-25 20:17:06.917  INFO 23672 --- [    Test worker] .s.s.UserDetailsServiceAutoConfiguration : 

Using generated security password: 33e27472-aa59-4513-b547-51c72e30efbc

2020-06-25 20:17:07.070  INFO 23672 --- [    Test worker] o.s.s.web.DefaultSecurityFilterChain     : Creating filter chain: any request, [org.springframework.security.web.context.request.async.WebAsyncManagerIntegrationFilter@27838523, org.springframework.security.web.context.SecurityContextPersistenceFilter@504c4941, org.springframework.security.web.header.HeaderWriterFilter@6a23dda8, org.springframework.security.web.csrf.CsrfFilter@722c4495, org.springframework.security.web.authentication.logout.LogoutFilter@1bd8b604, org.springframework.security.web.authentication.UsernamePasswordAuthenticationFilter@4c1bae68, org.springframework.security.web.authentication.ui.DefaultLoginPageGeneratingFilter@f314712, org.springframework.security.web.authentication.ui.DefaultLogoutPageGeneratingFilter@17ca6c76, org.springframework.security.web.authentication.www.BasicAuthenticationFilter@61e184a4, org.springframework.security.web.savedrequest.RequestCacheAwareFilter@583719b9, org.springframework.security.web.servletapi.SecurityContextHolderAwareRequestFilter@2c0d518a, org.springframework.security.web.authentication.AnonymousAuthenticationFilter@7ae30e8f, org.springframework.security.web.session.SessionManagementFilter@7abb2495, org.springframework.security.web.access.ExceptionTranslationFilter@63bd79c8, org.springframework.security.web.access.intercept.FilterSecurityInterceptor@712f924c]
2020-06-25 20:17:07.109  INFO 23672 --- [    Test worker] o.s.b.t.m.w.SpringBootMockServletContext : Initializing Spring TestDispatcherServlet ''
2020-06-25 20:17:07.110  INFO 23672 --- [    Test worker] o.s.t.web.servlet.TestDispatcherServlet  : Initializing Servlet ''
2020-06-25 20:17:07.124  INFO 23672 --- [    Test worker] o.s.t.web.servlet.TestDispatcherServlet  : Completed initialization in 14 ms
2020-06-25 20:17:07.176  INFO 23672 --- [    Test worker] com.ringi.boot.web.HelloControllerTest   : Started HelloControllerTest in 1.114 seconds (JVM running for 10.371)
]]></system-out>
  <system-err><![CDATA[]]></system-err>
</testsuite>
