<?xml version="1.0" encoding="UTF-8"?>
<testsuite name="com.ringi.boot.domain.posts.PostsRepositoryTest" tests="2" skipped="0" failures="0" errors="0" timestamp="2020-06-25T01:14:17" hostname="HP-Z620" time="0.127">
  <properties/>
  <testcase name="saveBaseTimeEntity" classname="com.ringi.boot.domain.posts.PostsRepositoryTest" time="0.117"/>
  <testcase name="getPosts" classname="com.ringi.boot.domain.posts.PostsRepositoryTest" time="0.009"/>
  <system-out><![CDATA[2020-06-25 10:14:15.259  INFO 21472 --- [    Test worker] .b.t.c.SpringBootTestContextBootstrapper : Neither @ContextConfiguration nor @ContextHierarchy found for test class [com.ringi.boot.domain.posts.PostsRepositoryTest], using SpringBootContextLoader
2020-06-25 10:14:15.260  INFO 21472 --- [    Test worker] o.s.t.c.support.AbstractContextLoader    : Could not detect default resource locations for test class [com.ringi.boot.domain.posts.PostsRepositoryTest]: no resource found for suffixes {-context.xml, Context.groovy}.
2020-06-25 10:14:15.260  INFO 21472 --- [    Test worker] t.c.s.AnnotationConfigContextLoaderUtils : Could not detect default configuration classes for test class [com.ringi.boot.domain.posts.PostsRepositoryTest]: PostsRepositoryTest does not declare any static, non-private, non-final, nested classes annotated with @Configuration.
2020-06-25 10:14:15.268  INFO 21472 --- [    Test worker] .b.t.c.SpringBootTestContextBootstrapper : Found @SpringBootConfiguration com.ringi.boot.Application for test class com.ringi.boot.domain.posts.PostsRepositoryTest
2020-06-25 10:14:15.270  INFO 21472 --- [    Test worker] .b.t.c.SpringBootTestContextBootstrapper : Loaded default TestExecutionListener class names from location [META-INF/spring.factories]: [org.springframework.security.test.context.support.WithSecurityContextTestExecutionListener, org.springframework.security.test.context.support.ReactorContextTestExecutionListener, org.springframework.boot.test.autoconfigure.restdocs.RestDocsTestExecutionListener, org.springframework.boot.test.autoconfigure.web.client.MockRestServiceServerResetTestExecutionListener, org.springframework.boot.test.autoconfigure.web.servlet.MockMvcPrintOnlyOnFailureTestExecutionListener, org.springframework.boot.test.autoconfigure.web.servlet.WebDriverTestExecutionListener, org.springframework.boot.test.mock.mockito.MockitoTestExecutionListener, org.springframework.boot.test.mock.mockito.ResetMocksTestExecutionListener, org.springframework.test.context.web.ServletTestExecutionListener, org.springframework.test.context.support.DirtiesContextBeforeModesTestExecutionListener, org.springframework.test.context.support.DependencyInjectionTestExecutionListener, org.springframework.test.context.support.DirtiesContextTestExecutionListener, org.springframework.test.context.transaction.TransactionalTestExecutionListener, org.springframework.test.context.jdbc.SqlScriptsTestExecutionListener]
2020-06-25 10:14:15.271  INFO 21472 --- [    Test worker] .b.t.c.SpringBootTestContextBootstrapper : Using TestExecutionListeners: [org.springframework.test.context.web.ServletTestExecutionListener@5f941fda, org.springframework.test.context.support.DirtiesContextBeforeModesTestExecutionListener@561be861, org.springframework.boot.test.mock.mockito.MockitoTestExecutionListener@1fcfa1a0, org.springframework.boot.test.autoconfigure.SpringBootDependencyInjectionTestExecutionListener@5df6d0d3, org.springframework.test.context.support.DirtiesContextTestExecutionListener@22636e78, org.springframework.test.context.transaction.TransactionalTestExecutionListener@2bb2d2b5, org.springframework.test.context.jdbc.SqlScriptsTestExecutionListener@4912a4c2, org.springframework.security.test.context.support.WithSecurityContextTestExecutionListener@2209857b, org.springframework.security.test.context.support.ReactorContextTestExecutionListener@1b202fec, org.springframework.boot.test.autoconfigure.restdocs.RestDocsTestExecutionListener@263a6147, org.springframework.boot.test.autoconfigure.web.client.MockRestServiceServerResetTestExecutionListener@7a52f5f6, org.springframework.boot.test.autoconfigure.web.servlet.MockMvcPrintOnlyOnFailureTestExecutionListener@149e959a, org.springframework.boot.test.autoconfigure.web.servlet.WebDriverTestExecutionListener@e5b87aa, org.springframework.boot.test.mock.mockito.ResetMocksTestExecutionListener@7b1eff7f]

  .   ____          _            __ _ _
 /\\ / ___'_ __ _ _(_)_ __  __ _ \ \ \ \
( ( )\___ | '_ | '_| | '_ \/ _` | \ \ \ \
 \\/  ___)| |_)| | | | | || (_| |  ) ) ) )
  '  |____| .__|_| |_|_| |_\__, | / / / /
 =========|_|==============|___/=/_/_/_/
 :: Spring Boot ::        (v2.1.9.RELEASE)

2020-06-25 10:14:15.306  INFO 21472 --- [    Test worker] c.r.b.domain.posts.PostsRepositoryTest   : Starting PostsRepositoryTest on HP-Z620 with PID 21472 (started by parkbs in F:\99.Temp\Test\SpringBootAWS)
2020-06-25 10:14:15.307  INFO 21472 --- [    Test worker] c.r.b.domain.posts.PostsRepositoryTest   : No active profile set, falling back to default profiles: default
2020-06-25 10:14:15.589  INFO 21472 --- [    Test worker] .s.d.r.c.RepositoryConfigurationDelegate : Bootstrapping Spring Data repositories in DEFAULT mode.
2020-06-25 10:14:15.612  INFO 21472 --- [    Test worker] .s.d.r.c.RepositoryConfigurationDelegate : Finished Spring Data repository scanning in 22ms. Found 2 repository interfaces.
2020-06-25 10:14:15.756  INFO 21472 --- [    Test worker] trationDelegate$BeanPostProcessorChecker : Bean 'org.springframework.transaction.annotation.ProxyTransactionManagementConfiguration' of type [org.springframework.transaction.annotation.ProxyTransactionManagementConfiguration$$EnhancerBySpringCGLIB$$c204d026] is not eligible for getting processed by all BeanPostProcessors (for example: not eligible for auto-proxying)
2020-06-25 10:14:15.860  INFO 21472 --- [    Test worker] com.zaxxer.hikari.HikariDataSource       : HikariPool-2 - Starting...
2020-06-25 10:14:15.861  INFO 21472 --- [    Test worker] com.zaxxer.hikari.HikariDataSource       : HikariPool-2 - Start completed.
2020-06-25 10:14:15.886  INFO 21472 --- [    Test worker] o.hibernate.jpa.internal.util.LogHelper  : HHH000204: Processing PersistenceUnitInfo [
	name: default
	...]
2020-06-25 10:14:15.895  INFO 21472 --- [    Test worker] org.hibernate.dialect.Dialect            : HHH000400: Using dialect: org.hibernate.dialect.MySQL5InnoDBDialect
Hibernate: drop table if exists posts
Hibernate: drop table if exists user
Hibernate: create table posts (id bigint not null auto_increment, create_date datetime, modified_date datetime, author varchar(255), content TEXT not null, title varchar(500) not null, primary key (id)) engine=InnoDB
Hibernate: create table user (id bigint not null auto_increment, create_date datetime, modified_date datetime, email varchar(255) not null, name varchar(255) not null, picture varchar(255), role varchar(255) not null, primary key (id)) engine=InnoDB
2020-06-25 10:14:15.951  INFO 21472 --- [    Test worker] o.h.t.schema.internal.SchemaCreatorImpl  : HHH000476: Executing import script 'org.hibernate.tool.schema.internal.exec.ScriptSourceInputNonExistentImpl@2e065a59'
2020-06-25 10:14:15.951  INFO 21472 --- [    Test worker] j.LocalContainerEntityManagerFactoryBean : Initialized JPA EntityManagerFactory for persistence unit 'default'
2020-06-25 10:14:16.199  INFO 21472 --- [    Test worker] o.h.h.i.QueryTranslatorFactoryInitiator  : HHH000397: Using ASTQueryTranslatorFactory
2020-06-25 10:14:16.371  INFO 21472 --- [    Test worker] o.s.s.web.DefaultSecurityFilterChain     : Creating filter chain: any request, [org.springframework.security.web.context.request.async.WebAsyncManagerIntegrationFilter@2a7924a0, org.springframework.security.web.context.SecurityContextPersistenceFilter@2ec0d01a, org.springframework.security.web.header.HeaderWriterFilter@75606aa3, org.springframework.security.web.authentication.logout.LogoutFilter@3ab56ea1, org.springframework.security.oauth2.client.web.OAuth2AuthorizationRequestRedirectFilter@67d46a8d, org.springframework.security.oauth2.client.web.OAuth2LoginAuthenticationFilter@1729e4f0, org.springframework.security.web.authentication.ui.DefaultLoginPageGeneratingFilter@12dd3ce0, org.springframework.security.web.authentication.ui.DefaultLogoutPageGeneratingFilter@458e683a, org.springframework.security.web.savedrequest.RequestCacheAwareFilter@79ef40c6, org.springframework.security.web.servletapi.SecurityContextHolderAwareRequestFilter@f2c082a, org.springframework.security.web.authentication.AnonymousAuthenticationFilter@1cae204, org.springframework.security.web.session.SessionManagementFilter@223f9e6, org.springframework.security.web.access.ExceptionTranslationFilter@6a57a5e9, org.springframework.security.web.access.intercept.FilterSecurityInterceptor@4814e194]
2020-06-25 10:14:16.690  INFO 21472 --- [    Test worker] o.s.s.concurrent.ThreadPoolTaskExecutor  : Initializing ExecutorService 'applicationTaskExecutor'
2020-06-25 10:14:16.705  WARN 21472 --- [    Test worker] aWebConfiguration$JpaWebMvcConfiguration : spring.jpa.open-in-view is enabled by default. Therefore, database queries may be performed during view rendering. Explicitly configure spring.jpa.open-in-view to disable this warning
2020-06-25 10:14:16.737  INFO 21472 --- [    Test worker] o.s.b.a.w.s.WelcomePageHandlerMapping    : Adding welcome page template: index
2020-06-25 10:14:17.099  INFO 21472 --- [    Test worker] s.a.ScheduledAnnotationBeanPostProcessor : No TaskScheduler/ScheduledExecutorService bean found for scheduled processing
2020-06-25 10:14:17.100  INFO 21472 --- [    Test worker] c.r.b.domain.posts.PostsRepositoryTest   : Started PostsRepositoryTest in 1.823 seconds (JVM running for 11.985)
Hibernate: insert into posts (create_date, modified_date, author, content, title) values (?, ?, ?, ?, ?)
>>>>>>>>>>> createDate=2020-06-25T10:14:17.158, modifiedDate=2020-06-25T10:14:17.158
Hibernate: select posts0_.id as id1_0_, posts0_.create_date as create_d2_0_, posts0_.modified_date as modified3_0_, posts0_.author as author4_0_, posts0_.content as content5_0_, posts0_.title as title6_0_ from posts posts0_
Hibernate: delete from posts where id=?
Hibernate: insert into posts (create_date, modified_date, author, content, title) values (?, ?, ?, ?, ?)
Hibernate: select posts0_.id as id1_0_, posts0_.create_date as create_d2_0_, posts0_.modified_date as modified3_0_, posts0_.author as author4_0_, posts0_.content as content5_0_, posts0_.title as title6_0_ from posts posts0_
Hibernate: select posts0_.id as id1_0_, posts0_.create_date as create_d2_0_, posts0_.modified_date as modified3_0_, posts0_.author as author4_0_, posts0_.content as content5_0_, posts0_.title as title6_0_ from posts posts0_
Hibernate: delete from posts where id=?
]]></system-out>
  <system-err><![CDATA[]]></system-err>
</testsuite>
