<?xml version="1.0" encoding="UTF-8"?>
<testsuite name="com.ringi.boot.web.HelloControllerTest" tests="2" skipped="0" failures="0" errors="0" timestamp="2020-06-25T01:14:18" hostname="HP-Z620" time="0.121">
  <properties/>
  <testcase name="helloTest" classname="com.ringi.boot.web.HelloControllerTest" time="0.036"/>
  <testcase name="helloDtoTest" classname="com.ringi.boot.web.HelloControllerTest" time="0.085"/>
  <system-out><![CDATA[2020-06-25 10:14:17.243  INFO 21472 --- [    Test worker] .b.t.a.w.s.WebMvcTestContextBootstrapper : Neither @ContextConfiguration nor @ContextHierarchy found for test class [com.ringi.boot.web.HelloControllerTest], using SpringBootContextLoader
2020-06-25 10:14:17.244  INFO 21472 --- [    Test worker] o.s.t.c.support.AbstractContextLoader    : Could not detect default resource locations for test class [com.ringi.boot.web.HelloControllerTest]: no resource found for suffixes {-context.xml, Context.groovy}.
2020-06-25 10:14:17.244  INFO 21472 --- [    Test worker] t.c.s.AnnotationConfigContextLoaderUtils : Could not detect default configuration classes for test class [com.ringi.boot.web.HelloControllerTest]: HelloControllerTest does not declare any static, non-private, non-final, nested classes annotated with @Configuration.
2020-06-25 10:14:17.261  INFO 21472 --- [    Test worker] .b.t.c.SpringBootTestContextBootstrapper : Found @SpringBootConfiguration com.ringi.boot.Application for test class com.ringi.boot.web.HelloControllerTest
2020-06-25 10:14:17.261  INFO 21472 --- [    Test worker] .b.t.a.w.s.WebMvcTestContextBootstrapper : Loaded default TestExecutionListener class names from location [META-INF/spring.factories]: [org.springframework.security.test.context.support.WithSecurityContextTestExecutionListener, org.springframework.security.test.context.support.ReactorContextTestExecutionListener, org.springframework.boot.test.autoconfigure.restdocs.RestDocsTestExecutionListener, org.springframework.boot.test.autoconfigure.web.client.MockRestServiceServerResetTestExecutionListener, org.springframework.boot.test.autoconfigure.web.servlet.MockMvcPrintOnlyOnFailureTestExecutionListener, org.springframework.boot.test.autoconfigure.web.servlet.WebDriverTestExecutionListener, org.springframework.boot.test.mock.mockito.MockitoTestExecutionListener, org.springframework.boot.test.mock.mockito.ResetMocksTestExecutionListener, org.springframework.test.context.web.ServletTestExecutionListener, org.springframework.test.context.support.DirtiesContextBeforeModesTestExecutionListener, org.springframework.test.context.support.DependencyInjectionTestExecutionListener, org.springframework.test.context.support.DirtiesContextTestExecutionListener, org.springframework.test.context.transaction.TransactionalTestExecutionListener, org.springframework.test.context.jdbc.SqlScriptsTestExecutionListener]
2020-06-25 10:14:17.262  INFO 21472 --- [    Test worker] .b.t.a.w.s.WebMvcTestContextBootstrapper : Using TestExecutionListeners: [org.springframework.test.context.web.ServletTestExecutionListener@2b16240a, org.springframework.test.context.support.DirtiesContextBeforeModesTestExecutionListener@7cc756e, org.springframework.boot.test.mock.mockito.MockitoTestExecutionListener@67dc03a2, org.springframework.boot.test.autoconfigure.SpringBootDependencyInjectionTestExecutionListener@1448911f, org.springframework.test.context.support.DirtiesContextTestExecutionListener@e64c1e8, org.springframework.test.context.transaction.TransactionalTestExecutionListener@6a67b24f, org.springframework.test.context.jdbc.SqlScriptsTestExecutionListener@6da17db2, org.springframework.security.test.context.support.WithSecurityContextTestExecutionListener@3db1c970, org.springframework.security.test.context.support.ReactorContextTestExecutionListener@157224af, org.springframework.boot.test.autoconfigure.restdocs.RestDocsTestExecutionListener@42500984, org.springframework.boot.test.autoconfigure.web.client.MockRestServiceServerResetTestExecutionListener@24faa091, org.springframework.boot.test.autoconfigure.web.servlet.MockMvcPrintOnlyOnFailureTestExecutionListener@17b30737, org.springframework.boot.test.autoconfigure.web.servlet.WebDriverTestExecutionListener@13e00e32, org.springframework.boot.test.mock.mockito.ResetMocksTestExecutionListener@513e39e3]

  .   ____          _            __ _ _
 /\\ / ___'_ __ _ _(_)_ __  __ _ \ \ \ \
( ( )\___ | '_ | '_| | '_ \/ _` | \ \ \ \
 \\/  ___)| |_)| | | | | || (_| |  ) ) ) )
  '  |____| .__|_| |_|_| |_\__, | / / / /
 =========|_|==============|___/=/_/_/_/
 :: Spring Boot ::        (v2.1.9.RELEASE)

2020-06-25 10:14:17.290  INFO 21472 --- [    Test worker] com.ringi.boot.web.HelloControllerTest   : Starting HelloControllerTest on HP-Z620 with PID 21472 (started by parkbs in F:\99.Temp\Test\SpringBootAWS)
2020-06-25 10:14:17.290  INFO 21472 --- [    Test worker] com.ringi.boot.web.HelloControllerTest   : No active profile set, falling back to default profiles: default
2020-06-25 10:14:17.680  INFO 21472 --- [    Test worker] o.s.s.concurrent.ThreadPoolTaskExecutor  : Initializing ExecutorService 'applicationTaskExecutor'
2020-06-25 10:14:17.711  INFO 21472 --- [    Test worker] o.s.b.a.w.s.WelcomePageHandlerMapping    : Adding welcome page template: index
2020-06-25 10:14:17.900  INFO 21472 --- [    Test worker] .s.s.UserDetailsServiceAutoConfiguration : 

Using generated security password: 35918ceb-916b-4535-bc7d-d57738469e20

2020-06-25 10:14:18.038  INFO 21472 --- [    Test worker] o.s.s.web.DefaultSecurityFilterChain     : Creating filter chain: any request, [org.springframework.security.web.context.request.async.WebAsyncManagerIntegrationFilter@274aa9ba, org.springframework.security.web.context.SecurityContextPersistenceFilter@45f80d5e, org.springframework.security.web.header.HeaderWriterFilter@55e8342a, org.springframework.security.web.csrf.CsrfFilter@4be8e53, org.springframework.security.web.authentication.logout.LogoutFilter@79bdef38, org.springframework.security.web.authentication.UsernamePasswordAuthenticationFilter@70e61f3d, org.springframework.security.web.authentication.ui.DefaultLoginPageGeneratingFilter@1772f62, org.springframework.security.web.authentication.ui.DefaultLogoutPageGeneratingFilter@224644c0, org.springframework.security.web.authentication.www.BasicAuthenticationFilter@36119ef0, org.springframework.security.web.savedrequest.RequestCacheAwareFilter@17da0601, org.springframework.security.web.servletapi.SecurityContextHolderAwareRequestFilter@38729b4, org.springframework.security.web.authentication.AnonymousAuthenticationFilter@181ab866, org.springframework.security.web.session.SessionManagementFilter@2554e4d2, org.springframework.security.web.access.ExceptionTranslationFilter@352ceb93, org.springframework.security.web.access.intercept.FilterSecurityInterceptor@7ffad0c3]
2020-06-25 10:14:18.058  INFO 21472 --- [    Test worker] o.s.b.t.m.w.SpringBootMockServletContext : Initializing Spring TestDispatcherServlet ''
2020-06-25 10:14:18.058  INFO 21472 --- [    Test worker] o.s.t.web.servlet.TestDispatcherServlet  : Initializing Servlet ''
2020-06-25 10:14:18.066  INFO 21472 --- [    Test worker] o.s.t.web.servlet.TestDispatcherServlet  : Completed initialization in 8 ms
2020-06-25 10:14:18.094  INFO 21472 --- [    Test worker] com.ringi.boot.web.HelloControllerTest   : Started HelloControllerTest in 0.83 seconds (JVM running for 12.979)
]]></system-out>
  <system-err><![CDATA[]]></system-err>
</testsuite>
