<?xml version="1.0" encoding="UTF-8"?>
<testsuite name="com.ringi.boot.web.IndexControllerTest" tests="1" skipped="0" failures="0" errors="0" timestamp="2020-06-25T11:17:09" hostname="HP-Z620" time="0.184">
  <properties/>
  <testcase name="main" classname="com.ringi.boot.web.IndexControllerTest" time="0.184"/>
  <system-out><![CDATA[2020-06-25 20:17:07.369  INFO 23672 --- [    Test worker] .b.t.c.SpringBootTestContextBootstrapper : Neither @ContextConfiguration nor @ContextHierarchy found for test class [com.ringi.boot.web.IndexControllerTest], using SpringBootContextLoader
2020-06-25 20:17:07.370  INFO 23672 --- [    Test worker] o.s.t.c.support.AbstractContextLoader    : Could not detect default resource locations for test class [com.ringi.boot.web.IndexControllerTest]: no resource found for suffixes {-context.xml, Context.groovy}.
2020-06-25 20:17:07.370  INFO 23672 --- [    Test worker] t.c.s.AnnotationConfigContextLoaderUtils : Could not detect default configuration classes for test class [com.ringi.boot.web.IndexControllerTest]: IndexControllerTest does not declare any static, non-private, non-final, nested classes annotated with @Configuration.
2020-06-25 20:17:07.372  INFO 23672 --- [    Test worker] .b.t.c.SpringBootTestContextBootstrapper : Found @SpringBootConfiguration com.ringi.boot.Application for test class com.ringi.boot.web.IndexControllerTest
2020-06-25 20:17:07.373  INFO 23672 --- [    Test worker] .b.t.c.SpringBootTestContextBootstrapper : Loaded default TestExecutionListener class names from location [META-INF/spring.factories]: [org.springframework.security.test.context.support.WithSecurityContextTestExecutionListener, org.springframework.security.test.context.support.ReactorContextTestExecutionListener, org.springframework.boot.test.autoconfigure.restdocs.RestDocsTestExecutionListener, org.springframework.boot.test.autoconfigure.web.client.MockRestServiceServerResetTestExecutionListener, org.springframework.boot.test.autoconfigure.web.servlet.MockMvcPrintOnlyOnFailureTestExecutionListener, org.springframework.boot.test.autoconfigure.web.servlet.WebDriverTestExecutionListener, org.springframework.boot.test.mock.mockito.MockitoTestExecutionListener, org.springframework.boot.test.mock.mockito.ResetMocksTestExecutionListener, org.springframework.test.context.web.ServletTestExecutionListener, org.springframework.test.context.support.DirtiesContextBeforeModesTestExecutionListener, org.springframework.test.context.support.DependencyInjectionTestExecutionListener, org.springframework.test.context.support.DirtiesContextTestExecutionListener, org.springframework.test.context.transaction.TransactionalTestExecutionListener, org.springframework.test.context.jdbc.SqlScriptsTestExecutionListener]
2020-06-25 20:17:07.374  INFO 23672 --- [    Test worker] .b.t.c.SpringBootTestContextBootstrapper : Using TestExecutionListeners: [org.springframework.test.context.web.ServletTestExecutionListener@2eaaee94, org.springframework.test.context.support.DirtiesContextBeforeModesTestExecutionListener@73d17ab8, org.springframework.boot.test.mock.mockito.MockitoTestExecutionListener@774a8d6b, org.springframework.boot.test.autoconfigure.SpringBootDependencyInjectionTestExecutionListener@68bd045d, org.springframework.test.context.support.DirtiesContextTestExecutionListener@119a9990, org.springframework.test.context.transaction.TransactionalTestExecutionListener@696635a1, org.springframework.test.context.jdbc.SqlScriptsTestExecutionListener@4ae4cc33, org.springframework.security.test.context.support.WithSecurityContextTestExecutionListener@4afba6de, org.springframework.security.test.context.support.ReactorContextTestExecutionListener@fe8e008, org.springframework.boot.test.autoconfigure.restdocs.RestDocsTestExecutionListener@577b1769, org.springframework.boot.test.autoconfigure.web.client.MockRestServiceServerResetTestExecutionListener@3b12cce1, org.springframework.boot.test.autoconfigure.web.servlet.MockMvcPrintOnlyOnFailureTestExecutionListener@2c48400b, org.springframework.boot.test.autoconfigure.web.servlet.WebDriverTestExecutionListener@64e80d2a, org.springframework.boot.test.mock.mockito.ResetMocksTestExecutionListener@6ba79e81]

  .   ____          _            __ _ _
 /\\ / ___'_ __ _ _(_)_ __  __ _ \ \ \ \
( ( )\___ | '_ | '_| | '_ \/ _` | \ \ \ \
 \\/  ___)| |_)| | | | | || (_| |  ) ) ) )
  '  |____| .__|_| |_|_| |_\__, | / / / /
 =========|_|==============|___/=/_/_/_/
 :: Spring Boot ::        (v2.1.9.RELEASE)

2020-06-25 20:17:07.406  INFO 23672 --- [    Test worker] com.ringi.boot.web.IndexControllerTest   : Starting IndexControllerTest on HP-Z620 with PID 23672 (started by parkbs in F:\99.Temp\Test\SpringBootAWS)
2020-06-25 20:17:07.406  INFO 23672 --- [    Test worker] com.ringi.boot.web.IndexControllerTest   : No active profile set, falling back to default profiles: default
2020-06-25 20:17:07.625  INFO 23672 --- [    Test worker] .s.d.r.c.RepositoryConfigurationDelegate : Bootstrapping Spring Data repositories in DEFAULT mode.
2020-06-25 20:17:07.644  INFO 23672 --- [    Test worker] .s.d.r.c.RepositoryConfigurationDelegate : Finished Spring Data repository scanning in 18ms. Found 2 repository interfaces.
2020-06-25 20:17:07.761  INFO 23672 --- [    Test worker] trationDelegate$BeanPostProcessorChecker : Bean 'org.springframework.transaction.annotation.ProxyTransactionManagementConfiguration' of type [org.springframework.transaction.annotation.ProxyTransactionManagementConfiguration$$EnhancerBySpringCGLIB$$2d8ab82b] is not eligible for getting processed by all BeanPostProcessors (for example: not eligible for auto-proxying)
2020-06-25 20:17:08.023  INFO 23672 --- [    Test worker] o.s.b.w.embedded.tomcat.TomcatWebServer  : Tomcat initialized with port(s): 0 (http)
2020-06-25 20:17:08.058  INFO 23672 --- [    Test worker] o.apache.catalina.core.StandardService   : Starting service [Tomcat]
2020-06-25 20:17:08.058  INFO 23672 --- [    Test worker] org.apache.catalina.core.StandardEngine  : Starting Servlet engine: [Apache Tomcat/9.0.26]
2020-06-25 20:17:08.429  INFO 23672 --- [    Test worker] o.a.c.c.C.[Tomcat].[localhost].[/]       : Initializing Spring embedded WebApplicationContext
2020-06-25 20:17:08.429  INFO 23672 --- [    Test worker] o.s.web.context.ContextLoader            : Root WebApplicationContext: initialization completed in 1021 ms
2020-06-25 20:17:08.616  INFO 23672 --- [    Test worker] com.zaxxer.hikari.HikariDataSource       : HikariPool-2 - Starting...
2020-06-25 20:17:08.618  INFO 23672 --- [    Test worker] com.zaxxer.hikari.HikariDataSource       : HikariPool-2 - Start completed.
2020-06-25 20:17:08.652  INFO 23672 --- [    Test worker] o.hibernate.jpa.internal.util.LogHelper  : HHH000204: Processing PersistenceUnitInfo [
	name: default
	...]
2020-06-25 20:17:08.660  INFO 23672 --- [    Test worker] org.hibernate.dialect.Dialect            : HHH000400: Using dialect: org.hibernate.dialect.MySQL5InnoDBDialect
Hibernate: drop table if exists posts
Hibernate: drop table if exists user
Hibernate: create table posts (id bigint not null auto_increment, create_date datetime, modified_date datetime, author varchar(255), content TEXT not null, title varchar(500) not null, primary key (id)) engine=InnoDB
Hibernate: create table user (id bigint not null auto_increment, create_date datetime, modified_date datetime, email varchar(255) not null, name varchar(255) not null, picture varchar(255), role varchar(255) not null, primary key (id)) engine=InnoDB
2020-06-25 20:17:08.722  INFO 23672 --- [    Test worker] o.h.t.schema.internal.SchemaCreatorImpl  : HHH000476: Executing import script 'org.hibernate.tool.schema.internal.exec.ScriptSourceInputNonExistentImpl@71d6a865'
2020-06-25 20:17:08.722  INFO 23672 --- [    Test worker] j.LocalContainerEntityManagerFactoryBean : Initialized JPA EntityManagerFactory for persistence unit 'default'
2020-06-25 20:17:09.060  INFO 23672 --- [    Test worker] o.h.h.i.QueryTranslatorFactoryInitiator  : HHH000397: Using ASTQueryTranslatorFactory
2020-06-25 20:17:09.246  INFO 23672 --- [    Test worker] o.s.s.web.DefaultSecurityFilterChain     : Creating filter chain: any request, [org.springframework.security.web.context.request.async.WebAsyncManagerIntegrationFilter@2895215b, org.springframework.security.web.context.SecurityContextPersistenceFilter@2d48d51e, org.springframework.security.web.header.HeaderWriterFilter@4f4466ab, org.springframework.security.web.authentication.logout.LogoutFilter@690ff5ec, org.springframework.security.oauth2.client.web.OAuth2AuthorizationRequestRedirectFilter@20708f7b, org.springframework.security.oauth2.client.web.OAuth2LoginAuthenticationFilter@657a2bba, org.springframework.security.web.authentication.ui.DefaultLoginPageGeneratingFilter@2043097, org.springframework.security.web.authentication.ui.DefaultLogoutPageGeneratingFilter@213f9f5c, org.springframework.security.web.savedrequest.RequestCacheAwareFilter@2ec8166c, org.springframework.security.web.servletapi.SecurityContextHolderAwareRequestFilter@42d55c20, org.springframework.security.web.authentication.AnonymousAuthenticationFilter@510c757, org.springframework.security.web.session.SessionManagementFilter@9393518, org.springframework.security.web.access.ExceptionTranslationFilter@5e2ba50e, org.springframework.security.web.access.intercept.FilterSecurityInterceptor@1223700d]
2020-06-25 20:17:09.435  INFO 23672 --- [    Test worker] o.s.s.concurrent.ThreadPoolTaskExecutor  : Initializing ExecutorService 'applicationTaskExecutor'
2020-06-25 20:17:09.448  WARN 23672 --- [    Test worker] aWebConfiguration$JpaWebMvcConfiguration : spring.jpa.open-in-view is enabled by default. Therefore, database queries may be performed during view rendering. Explicitly configure spring.jpa.open-in-view to disable this warning
2020-06-25 20:17:09.476  INFO 23672 --- [    Test worker] o.s.b.a.w.s.WelcomePageHandlerMapping    : Adding welcome page template: index
2020-06-25 20:17:09.745  INFO 23672 --- [    Test worker] s.a.ScheduledAnnotationBeanPostProcessor : No TaskScheduler/ScheduledExecutorService bean found for scheduled processing
2020-06-25 20:17:09.765  INFO 23672 --- [    Test worker] o.s.b.w.embedded.tomcat.TomcatWebServer  : Tomcat started on port(s): 5610 (http) with context path ''
2020-06-25 20:17:09.766  INFO 23672 --- [    Test worker] com.ringi.boot.web.IndexControllerTest   : Started IndexControllerTest in 2.39 seconds (JVM running for 12.961)
2020-06-25 20:17:09.858  INFO 23672 --- [o-auto-1-exec-1] o.a.c.c.C.[Tomcat].[localhost].[/]       : Initializing Spring DispatcherServlet 'dispatcherServlet'
2020-06-25 20:17:09.858  INFO 23672 --- [o-auto-1-exec-1] o.s.web.servlet.DispatcherServlet        : Initializing Servlet 'dispatcherServlet'
2020-06-25 20:17:09.876  INFO 23672 --- [o-auto-1-exec-1] o.s.web.servlet.DispatcherServlet        : Completed initialization in 18 ms
Hibernate: select posts0_.id as id1_0_, posts0_.create_date as create_d2_0_, posts0_.modified_date as modified3_0_, posts0_.author as author4_0_, posts0_.content as content5_0_, posts0_.title as title6_0_ from posts posts0_ order by posts0_.id DESC
]]></system-out>
  <system-err><![CDATA[]]></system-err>
</testsuite>
