<?xml version="1.0" encoding="UTF-8"?>
<testsuite name="com.ringi.boot.web.HelloResponseDtoTest" tests="1" skipped="0" failures="0" errors="0" timestamp="2020-06-25T01:14:18" hostname="HP-Z620" time="0.002">
  <properties/>
  <testcase name="lombokTest" classname="com.ringi.boot.web.HelloResponseDtoTest" time="0.002"/>
  <system-out><![CDATA[]]></system-out>
  <system-err><![CDATA[]]></system-err>
</testsuite>
